Problem:car91
Identical Type 1:[
]

Identical type 2:[
	{440,33,657,349}
]

Identical Type 3:[
]

Problem:car92
Identical Type 1:[
]

Identical type 2:[
]

Identical Type 3:[
	{253,254}
]

Problem:ear83
Identical Type 1:[
	{100,106,49,181,158}
	{115,107}
	{110,119}
]

Identical type 2:[
]

Identical Type 3:[
	{100,106,49,181,158}
	{115,107}
	{110,119}
]

Problem:hec92
Identical Type 1:[
]

Identical type 2:[
]

Identical Type 3:[
]

Problem:kfu93
Identical Type 1:[
	{3,5}
	{208,206}
	{209,207}
	{240,242}
	{313,314}
	{424,423}
]

Identical type 2:[
	{355,6,329,330,204,205,16,369,50,178,381,22,216,122,443,285,95}
	{232,237}
]

Identical Type 3:[
	{3,5}
	{138,139}
	{208,206}
	{209,207}
	{240,242}
	{313,314}
	{424,423}
	{428,429}
]

Problem:lse91
Identical Type 1:[
	{81,91}
	{98,275}
	{160,158,159}
	{165,166}
	{169,170}
	{181,182,183,184,185}
	{188,189}
	{342,343}
	{344,345}
]

Identical type 2:[
	{168,256}
	{218,213}
]

Identical Type 3:[
	{81,91}
	{98,275}
	{160,158,159}
	{165,166}
	{169,170}
	{181,182,183,184,185}
	{188,189}
	{342,343}
	{344,345}
]

Problem:pur93
Identical Type 1:[
	{187,190}
	{340,341}
	{490,498}
	{1332,1342}
	{1619,1620}
	{1754,1908}
	{1882,2403}
	{2129,2130}
]

Identical type 2:[
	{552,1454,976,1520,983,153}
]

Identical Type 3:[
	{187,190}
	{340,341}
	{490,498}
	{635,636}
	{969,982}
	{1332,1342}
	{1619,1620}
	{1754,1908}
	{1819,1829}
	{1882,2403}
	{2129,2130}
	{2131,2133}
]

Problem:rye93
Identical Type 1:[
	{465,37}
	{252,253,254}
	{257,258,259}
	{264,261,263}
	{450,451}
	{456,453,454,455}
]

Identical type 2:[
]

Identical Type 3:[
	{465,37}
	{252,253,254}
	{257,258,259}
	{264,261,263}
	{450,451}
	{456,453,454,455}
]

Problem:sta83
Identical Type 1:[
	{97,3,135,71,138}
	{9,77,112,50,30}
	{10,78,113,51,31}
	{32,11,79,114,52}
	{33,12,80,115,53}
	{34,13,81,116,54}
	{35,14,82,117,55}
	{36,15,83,118,56}
	{37,16,84,119,57}
	{38,17,85,120,58}
	{39,18,86,121,59}
	{40,19,87,122,60}
	{41,20,88,123,61}
	{42,21,89,124,62}
	{43,22,90,125,63}
	{64,44,23,91,126}
	{65,45,24,92,127}
	{128,66,46,25,93}
	{129,67,47,26,94}
]

Identical type 2:[
]

Identical Type 3:[
	{97,3,135,71,138}
	{9,77,112,50,30}
	{10,78,113,51,31}
	{32,11,79,114,52}
	{33,12,80,115,53}
	{34,13,81,116,54}
	{35,14,82,117,55}
	{36,15,83,118,56}
	{37,16,84,119,57}
	{38,17,85,120,58}
	{39,18,86,121,59}
	{40,19,87,122,60}
	{41,20,88,123,61}
	{42,21,89,124,62}
	{43,22,90,125,63}
	{64,44,23,91,126}
	{65,45,24,92,127}
	{128,66,46,25,93}
	{129,67,47,26,94}
]

Problem:tre92
Identical Type 1:[
]

Identical type 2:[
]

Identical Type 3:[
]

Problem:uta92
Identical Type 1:[
]

Identical type 2:[
]

Identical Type 3:[
]

Problem:ute92
Identical Type 1:[
	{1,2}
	{4,7}
	{149,175}
]

Identical type 2:[
]

Identical Type 3:[
	{1,2}
	{4,7}
	{149,175}
]

Problem:yor83
Identical Type 1:[
]

Identical type 2:[
]

Identical Type 3:[
]

Problem:ITC2007_1
Identical Type 1:[
	{26,27}
	{33,34}
	{44,45,46}
	{82,83,84}
	{128,129}
	{165,166}
	{187,188}
	{232,233}
	{307,308}
	{309,310}
	{312,311}
	{313,314}
	{316,317}
	{318,319}
	{320,321}
	{322,323}
	{324,325}
	{326,327}
	{328,329}
	{330,331}
	{332,333}
	{356,349,350}
	{402,403}
	{418,419}
	{420,421}
]

Identical type 2:[
]

Identical Type 3:[
	{26,27}
	{33,34}
	{44,45,46}
	{82,83,84}
	{128,129}
	{165,166}
	{187,188}
	{204,206}
	{232,233}
	{307,308}
	{309,310}
	{312,311}
	{313,314}
	{316,317}
	{318,319}
	{320,321}
	{322,323}
	{324,325}
	{326,327}
	{328,329}
	{330,331}
	{332,333}
	{356,349,350}
	{402,403}
	{418,419}
	{420,421}
]

Problem:ITC2007_2
Identical Type 1:[
	{9,23}
	{643,37}
	{690,691,68}
	{149,150}
	{165,166}
	{193,196}
	{195,197}
	{202,203}
	{221,222}
	{226,227,229}
	{280,281}
	{300,286}
	{320,307,303}
	{306,315,318}
	{310,311}
	{378,379}
	{387,388}
	{403,404}
	{492,493}
	{641,642}
	{728,730,719,711}
	{720,745}
	{723,747}
	{758,759}
	{761,762}
	{790,791}
	{857,858}
]

Identical type 2:[
	{789,668,676,38,305,180,308,316,333,210,338,595,344,864,611,228,613,234,107,618,619,748,750,751,752,502}
]

Identical Type 3:[
	{9,22,23}
	{648,10}
	{11,12}
	{643,37}
	{690,691,68}
	{136,291}
	{138,646}
	{144,209}
	{149,150}
	{165,166}
	{170,167}
	{193,196}
	{195,197}
	{202,203}
	{218,219}
	{221,222}
	{226,227,229}
	{280,281}
	{297,284}
	{300,286,287}
	{320,307,303}
	{304,617}
	{306,315,318}
	{310,311}
	{341,342}
	{345,346}
	{378,379}
	{387,388}
	{403,404}
	{492,493}
	{530,531}
	{609,610}
	{641,642}
	{685,686}
	{688,689}
	{694,695}
	{728,730,719,711}
	{720,745}
	{723,747}
	{758,759}
	{761,762}
	{790,791}
	{792,793}
	{857,858}
]

Problem:ITC2007_3
Identical Type 1:[
	{11,15}
	{13,14}
	{18,19,20}
	{24,21,22,23}
	{75,76}
	{120,118}
	{131,133}
	{138,134}
	{136,137,141}
	{144,142,143}
	{152,150}
	{250,252,253,255}
	{312,311}
	{325,326,327}
	{344,345}
	{392,390,391}
	{396,397}
	{578,603}
	{595,590}
	{669,670,671}
	{676,678}
	{827,829}
	{932,933}
]

Identical type 2:[
	{643,525,399,531,798,934,304,704,79,593,596,607,736,737,610,738,887,125,126}
]

Identical Type 3:[
	{11,15}
	{13,14}
	{18,19,20}
	{24,21,22,23}
	{75,76}
	{120,118}
	{131,133}
	{138,134}
	{136,137,141}
	{144,142,143}
	{152,150}
	{250,252,253,255}
	{371,308}
	{309,310}
	{312,311}
	{325,326,327}
	{344,345}
	{377,378}
	{392,390,391}
	{396,397}
	{440,438}
	{442,443}
	{578,603}
	{595,590}
	{669,670,671}
	{676,678}
	{827,829}
	{932,933}
]

Problem:ITC2007_4
Identical Type 1:[
	{8,10}
	{217,218}
]

Identical type 2:[
]

Identical Type 3:[
	{8,10}
	{217,218}
]

Problem:ITC2007_5
Identical Type 1:[
	{12,14}
	{35,45,39}
	{43,37}
	{56,51}
	{68,70}
	{76,78}
	{81,77,79}
	{93,95}
	{115,916,117,119}
	{125,142,127}
	{138,140}
	{147,148,149}
	{153,155,157,151}
	{154,156}
	{161,163,165,167,159}
	{168,174}
	{169,171,175}
	{177,179,173}
	{193,181}
	{187,183}
	{195,189}
	{200,202,198}
	{209,211,215}
	{217,219}
	{227,223}
	{229,231}
	{233,235}
	{451,236}
	{240,242}
	{259,263}
	{272,274,270}
	{271,273,275,985,987}
	{281,277}
	{282,278,280,698,284}
	{290,292}
	{316,324}
	{325,317}
	{328,334}
	{337,339}
	{354,356,358}
	{368,370,380,366}
	{376,378}
	{393,395}
	{404,405,406,407,408}
	{418,411,421,414}
	{424,428,685,422}
	{423,425,427,429,686,431}
	{443,438}
	{441,989}
	{448,776,772,766}
	{452,453,454}
	{456,460}
	{465,462}
	{467,471}
	{469,639}
	{480,482,491}
	{506,508,503}
	{528,546}
	{541,550}
	{552,554}
	{564,558}
	{568,566}
	{584,578}
	{582,903}
	{592,600}
	{601,593}
	{595,599}
	{609,605,607}
	{611,615}
	{617,619,623}
	{649,654}
	{661,669}
	{675,981,983}
	{688,745,755}
	{689,756,758}
	{690,757,759}
	{761,692,743}
	{693,695}
	{704,714,706}
	{760,742}
	{780,804}
	{792,786}
	{788,796}
	{800,856}
	{809,806}
	{827,823}
	{824,828}
	{844,846}
	{848,850,854}
	{866,860}
	{905,901}
	{920,918}
	{929,923,925,927}
	{953,954}
	{980,982}
	{1003,991}
	{993,1001,997}
	{995,999}
	{1009,1018,1005,1007}
]

Identical type 2:[
	{516,869,873,587,556,939,496,657,146,816,817,819,821,252,798,831}
	{301,302}
	{836,350}
	{632,636}
	{739,741}
]

Identical Type 3:[
	{11,13}
	{12,14}
	{35,45,39}
	{43,37}
	{56,51}
	{68,70}
	{76,78}
	{81,77,79}
	{93,95}
	{115,916,117,119}
	{125,142,127}
	{137,139}
	{138,140}
	{147,148,149}
	{153,155,157,151}
	{154,156}
	{161,163,165,167,159}
	{168,174}
	{169,171,175}
	{177,179,173}
	{193,181}
	{187,183}
	{195,189}
	{200,202,198}
	{209,211,215}
	{217,219}
	{227,223}
	{229,231}
	{233,235}
	{451,236}
	{240,242}
	{259,263}
	{272,274,270}
	{271,273,275,985,987}
	{281,277}
	{282,278,280,698,284}
	{290,292}
	{316,324}
	{325,317}
	{328,334}
	{337,339}
	{346,348}
	{354,356,358}
	{368,370,380,366}
	{376,378}
	{393,395}
	{404,405,406,407,408}
	{418,411,421,414}
	{424,428,685,422}
	{423,425,427,429,686,431}
	{443,438}
	{441,989}
	{448,776,772,766}
	{452,453,454}
	{456,460}
	{465,462}
	{467,471}
	{469,639}
	{480,482,491}
	{506,508,503}
	{528,546}
	{541,550}
	{552,554}
	{564,558}
	{568,566}
	{584,578}
	{582,903}
	{592,600}
	{601,593}
	{595,599}
	{609,605,607}
	{611,615}
	{617,619,623}
	{640,641}
	{649,654}
	{661,669}
	{675,981,983}
	{688,745,755}
	{689,756,758}
	{690,757,759}
	{761,692,743}
	{693,695}
	{704,714,706}
	{736,938}
	{760,742}
	{744,754}
	{780,804}
	{792,786}
	{788,796}
	{800,856}
	{809,806}
	{827,823}
	{824,828}
	{844,846}
	{848,850,854}
	{866,860}
	{905,901}
	{920,918}
	{929,923,925,927}
	{953,954}
	{980,982}
	{1003,991}
	{993,1001,997}
	{995,999}
	{1009,1018,1005,1007}
]

Problem:ITC2007_6
Identical Type 1:[
	{5,6}
	{8,7}
	{62,63}
	{128,170}
]

Identical type 2:[
	{1,209}
	{230,239,242,89,190}
]

Identical Type 3:[
	{5,6}
	{8,7}
	{62,63}
	{98,99}
	{128,170}
]

Problem:ITC2007_7
Identical Type 1:[
	{1,1029}
	{8,5,6,7}
	{363,13}
	{44,1077}
	{362,71}
	{156,151}
	{153,154,155}
	{322,422,191}
	{242,244}
	{301,302}
	{306,613}
	{314,315,318,583}
	{426,427,428,429}
	{441,474,449}
	{466,442}
	{459,460,461,462,463,464,465}
	{489,915}
	{682,514,515,516}
	{541,542}
	{584,595,590,599}
	{862,662}
	{672,674}
	{673,675}
	{698,676,677}
	{696,693}
	{824,697}
	{938,700}
	{704,705,717}
	{706,707,708,719}
	{720,709}
	{714,932,710}
	{713,813}
	{733,750}
	{848,765}
	{844,829}
	{841,842,838}
	{968,839}
	{840,907,966}
	{843,967}
	{881,883}
	{961,914}
	{1032,1030}
	{1045,1031}
	{1080,1081,1083}
]

Identical type 2:[
	{1024,132,263,266,267,140,654,146,21,149,150,28,29,414,292,294,295,296,297,298,43,299,300,1075,948,437,951,62,192,837,586,587,588,589,80,81,593,211,594,213,214,979,216,217,219,348,222,351,607,353,99,234,236,237,366,620,249,250,252}
	{312,41}
	{310,165,78}
	{715,511}
]

Identical Type 3:[
	{1,1029}
	{8,5,6,7}
	{363,13}
	{25,26}
	{44,1077}
	{362,71}
	{75,77}
	{260,103}
	{156,151}
	{153,154,155}
	{189,1063}
	{322,422,191}
	{242,244}
	{251,598}
	{261,262}
	{301,302}
	{306,613}
	{314,315,318,583}
	{426,427,428,429}
	{441,474,449}
	{466,442}
	{459,460,461,462,463,464,465}
	{489,915}
	{682,514,515,516}
	{541,542}
	{576,581}
	{584,595,590,599}
	{600,591}
	{621,622}
	{862,662}
	{665,666}
	{672,674}
	{673,675}
	{698,676,677}
	{696,693}
	{824,697}
	{938,700}
	{704,705,717}
	{706,707,708,719}
	{720,709}
	{714,932,710}
	{713,813}
	{733,750}
	{848,765}
	{844,829}
	{841,842,838}
	{968,839}
	{840,907,966}
	{843,967}
	{881,883}
	{961,914}
	{1032,1030}
	{1045,1031}
	{1033,1037}
	{1080,1081,1083}
]

Problem:ITC2007_8
Identical Type 1:[
	{33,322,199,345,10,44,401,245,25,476,477}
	{40,41,42}
	{73,74}
	{82,85}
	{90,83,84}
	{123,124}
	{156,157}
	{168,171}
	{176,178}
	{185,187}
	{294,295}
	{296,297}
	{298,299}
	{300,301}
	{302,303}
	{305,306}
	{307,308}
	{309,310}
	{312,311}
	{313,314}
	{315,316}
	{317,318}
	{320,319}
	{339,333,334}
	{385,386}
	{402,403}
	{438,439}
	{498,499,500,501}
	{502,503}
]

Identical type 2:[
	{477,33,322,199,345,10,44,401,50,245,25,476,285}
]

Identical Type 3:[
	{32,31}
	{40,41,42}
	{73,74}
	{82,85}
	{90,83,84}
	{121,122}
	{123,124}
	{156,157}
	{168,171}
	{176,178}
	{181,182}
	{185,187}
	{294,295}
	{296,297}
	{298,299}
	{300,301}
	{302,303}
	{305,306}
	{307,308}
	{309,310}
	{312,311}
	{313,314}
	{315,316}
	{317,318}
	{320,319}
	{339,333,334}
	{385,386}
	{402,403}
	{438,439}
	{498,499,500,501}
	{502,503}
]

Problem:ITC2007_9
Identical Type 1:[
	{1,3}
	{8,9}
	{18,28}
	{67,69,59,60,63}
	{131,142,111,118,95}
	{96,162,163}
	{99,100,101}
	{129,102,139,109,116}
	{104,126,110}
	{156,117}
	{143,149,120,121,122}
	{130,158}
]

Identical type 2:[
	{89,1,3,160}
	{140,159}
]

Identical Type 3:[
	{8,9}
	{18,28}
	{67,69,59,60,63}
	{131,142,111,118,95}
	{96,162,163}
	{99,100,101}
	{129,102,139,109,116}
	{104,126,110}
	{156,117}
	{143,149,120,121,122}
	{130,158}
]

Problem:ITC2007_10
Identical Type 1:[
	{17,19}
	{24,20,23}
	{33,34,35}
	{42,43,38}
	{40,41}
	{48,45}
	{49,46}
	{64,65,66}
	{72,71}
	{73,76,77}
	{84,85}
	{89,91}
	{90,92}
	{96,97,93,94,95}
	{105,99}
	{111,103}
	{104,112}
	{114,108}
	{115,109}
	{116,110}
	{113,118}
	{117,119}
	{168,169}
]

Identical type 2:[
]

Identical Type 3:[
	{10,11}
	{17,19}
	{20,21,22,23,24}
	{33,34,35}
	{36,37}
	{42,43,38}
	{40,41,39}
	{48,45}
	{49,46}
	{64,65,66}
	{67,68}
	{72,70,71}
	{73,74,75,76,77}
	{83,86}
	{84,85}
	{89,91}
	{90,92}
	{96,97,93,94,95}
	{105,99}
	{111,103}
	{104,112}
	{114,108}
	{115,109}
	{116,110}
	{113,118}
	{117,119}
	{168,169}
]

Problem:ITC2007_11
Identical Type 1:[
	{11,15}
	{13,14}
	{18,19,20}
	{24,21,22,23}
	{75,76}
	{120,118}
	{131,133}
	{138,134}
	{136,137,141}
	{144,142,143}
	{152,150}
	{250,252,253,255}
	{312,311}
	{325,326,327}
	{344,345}
	{392,390,391}
	{396,397}
	{578,603}
	{595,590}
	{669,670,671}
	{676,678}
	{827,829}
	{932,933}
]

Identical type 2:[
	{643,525,399,531,798,934,304,704,79,593,596,607,736,737,610,738,887,125,126}
]

Identical Type 3:[
	{11,15}
	{13,14}
	{18,19,20}
	{24,21,22,23}
	{75,76}
	{120,118}
	{131,133}
	{138,134}
	{136,137,141}
	{144,142,143}
	{152,150}
	{250,252,253,255}
	{371,308}
	{309,310}
	{312,311}
	{325,326,327}
	{344,345}
	{377,378}
	{392,390,391}
	{396,397}
	{440,438}
	{442,443}
	{578,603}
	{595,590}
	{669,670,671}
	{676,678}
	{827,829}
	{932,933}
]

Problem:ITC2007_12
Identical Type 1:[
	{56,57}
	{58,59}
	{64,63}
]

Identical type 2:[
	{4,45,14,7}
]

Identical Type 3:[
	{56,57}
	{58,59}
	{64,63}
]

Problem:D1-2-17
Identical Type 1:[
	{1,2,3,4,5,6,33,34,35,36,37,38,39,40,41,42,43,89}
	{198,7,8,9,10,11,12,13,14,15,200}
	{16,17,18,19,20,21,22,23,24,25,26,27,28,29}
	{32,30,31}
	{67,44,71,55}
	{45,46,47,48,50,52,53}
	{65,97,98,68,164,70,74,76,79,82,51,83,85,87,281,91,93,95}
	{56,57,90,59,60,62,63}
	{64,96,66,69,72,73,75,172,77,78,80,86,88,58,92,61,94}
	{81,84}
	{99,101,103}
	{100,165,140,274,275,276}
	{128,102,167,171,108,145,152}
	{130,134,135,104,107,110,112,113,114,116,117,118,120,122}
	{121,106,123,125}
	{138,139,109}
	{238,240,243,244,245,246,119,248,249,247}
	{269,270,271,272,273,124}
	{148,126}
	{136,129,163}
	{169,131,132,166}
	{141,142,157}
	{153,143}
	{144,155}
	{147,149}
	{162,154,150}
	{156,151}
	{173,174,175,176,177,178,242,181,182,183,184,185,186,188}
	{201,179,180,277,187}
	{194,196,197,202,204,207,211,213,214,215,216,189}
	{190,191}
	{192,193}
	{226,195,228,229,199,231,203,235,236,237,208,280}
	{222,205,206}
	{209,212,278}
	{210,219}
	{256,217,250,251,252,253,254,255}
	{224,225,230,232,233,234,239,241,218,221,223}
	{220,279}
	{257,258,259,260,261,262,263,264}
	{265,266,267,268}
]

Identical type 2:[
]

Identical Type 3:[
	{1,2,3,4,5,6,33,34,35,36,37,38,39,40,41,42,43,89}
	{198,7,8,9,10,11,12,13,14,15,200}
	{16,17,18,19,20,21,22,23,24,25,26,27,28,29}
	{32,30,31}
	{67,44,71,55}
	{45,46,47,48,50,52,53}
	{65,97,98,68,164,70,74,76,79,82,51,83,85,87,281,91,93,95}
	{56,57,90,59,60,62,63}
	{64,96,66,69,72,73,75,172,77,78,80,86,88,58,92,61,94}
	{81,84}
	{99,101,103}
	{100,165,140,274,275,276}
	{128,102,167,171,108,145,152}
	{130,134,135,104,107,110,112,113,114,116,117,118,120,122}
	{121,106,123,125}
	{137,138,139,109}
	{238,240,243,244,245,246,119,248,249,247}
	{269,270,271,272,273,124}
	{148,126}
	{136,129,163}
	{169,131,132,166}
	{141,142,157}
	{153,143}
	{144,155}
	{147,149}
	{162,154,150}
	{156,151}
	{173,174,175,176,177,178,242,181,182,183,184,185,186,188}
	{201,179,180,277,187}
	{194,196,197,202,204,207,211,213,214,215,216,189}
	{190,191}
	{192,193}
	{226,195,228,229,199,231,203,235,236,237,208,280}
	{222,205,206}
	{209,212,278}
	{210,219}
	{256,217,250,251,252,253,254,255}
	{224,225,230,232,233,234,239,241,218,221,223}
	{220,279}
	{257,258,259,260,261,262,263,264}
	{265,266,267,268}
]

Problem:D5-1-17
Identical Type 1:[
	{1,4,6,9,10,11,13,21,22,23,37,38,39,43,44,45,49,50,51,59,65,66,68,69,70,71,76,208,209,210,85,94,101,102,103,105,106}
	{2,3,170,75,171,110,14,111}
	{176,177,7}
	{258,259,8,172,173,88,154,155}
	{33,218,219,12}
	{16,17,15}
	{32,230,231,232,18,19,20,30,31}
	{96,97,260,261,262,24,25,26,95}
	{201,202,203,115,116,117,58,27,28,29}
	{34,35,36,165,166,167}
	{40,41,42}
	{48,46,47}
	{52,53,54,55}
	{56,57}
	{60,61,62}
	{64,233,234,241,242,63}
	{216,217,67,77}
	{72,73,74}
	{80,78,79}
	{81,82,83}
	{239,240,86,87,92}
	{89,90,91}
	{98,104,207,178,179,180,181,186,187,190,191}
	{99,100,243,244,188,189,255}
	{107,108,109}
	{112,113,114}
	{153,145,146,147,118,119,120,151,152}
	{121,122}
	{123,124}
	{125,126,127}
	{128,129,130}
	{131,132,133}
	{134,135}
	{136,137}
	{138,139,222,223}
	{140,141}
	{144,142,143}
	{148,149,150}
	{156,157}
	{160,158,159}
	{162,253,254}
	{163,164}
	{168,169}
	{221,174,175}
	{182,183}
	{184,185}
	{192,193,194}
	{195,196,197}
	{198,263,200,264,199,265}
	{204,205,206,211,212,213}
	{214,215}
	{224,225}
	{226,227}
	{228,229}
	{235,236}
	{237,238}
	{245,246,249,250,251,252}
	{248,256,257,247}
	{266,268,270}
	{267,269,271}
	{272,274,276}
	{273,275,277}
]

Identical type 2:[
	{1,4,6,9,10,11,13,21,22,23,37,38,39,43,44,45,49,50,51,59,65,66,68,69,70,71,76,208,209,210,85,94,101,102,103,105,106}
]

Identical Type 3:[
	{2,3,170,75,171,110,14,111}
	{176,177,7}
	{258,259,8,172,173,88,154,155}
	{33,218,219,12}
	{16,17,15}
	{32,230,231,232,18,19,20,30,31}
	{96,97,260,261,262,24,25,26,95}
	{201,202,203,115,116,117,58,27,28,29}
	{34,35,36,165,166,167}
	{40,41,42}
	{48,46,47}
	{52,53,54,55}
	{56,57}
	{60,61,62}
	{64,233,234,241,242,63}
	{216,217,67,77}
	{72,73,74}
	{80,78,79}
	{81,82,83}
	{239,240,86,87,92}
	{89,90,91}
	{98,104,207,178,179,180,181,186,187,190,191}
	{99,100,243,244,188,189,255}
	{107,108,109}
	{112,113,114}
	{153,145,146,147,118,119,120,151,152}
	{121,122}
	{123,124}
	{125,126,127}
	{128,129,130}
	{131,132,133}
	{134,135}
	{136,137}
	{138,139,222,223}
	{140,141}
	{144,142,143}
	{148,149,150}
	{156,157}
	{160,158,159}
	{162,253,254}
	{163,164}
	{168,169}
	{221,174,175}
	{182,183}
	{184,185}
	{192,193,194}
	{195,196,197}
	{198,263,200,264,199,265}
	{204,205,206,211,212,213}
	{214,215}
	{224,225}
	{226,227}
	{228,229}
	{235,236}
	{237,238}
	{245,246,249,250,251,252}
	{248,256,257,247}
	{266,268,270}
	{267,269,271}
	{272,274,276}
	{273,275,277}
]

Problem:D5-1-18
Identical Type 1:[
	{1,2,3,4,5,6}
	{8,9,7}
	{10,11,12}
	{261,262,13,14,15,307,61,62,63}
	{16,17}
	{227,228,229,105,106,107,18,19,20,123,124,125}
	{21,22,23}
	{24,25,26}
	{27,28}
	{32,33,34,29,30,31}
	{35,36,37,111,112,49,50,51,113}
	{40,38,39}
	{224,225,226,41,42,43,44,45,46}
	{103,47,48,54,55,248,249}
	{52,53}
	{56,57,58}
	{232,233,59,60}
	{64,65,66,82,83,84,85,86,87}
	{67,68,69}
	{72,70,71}
	{73,74}
	{75,76}
	{100,101,204,77,78,173,174}
	{80,81,79}
	{88,89}
	{90,91}
	{92,93}
	{96,97,291,242,151,94,95}
	{289,98,99,290,294,295}
	{129,133,134,135,136,137,138,140,141,142,143,272,145,146,150,152,153,281,155,156,157,158,159,160,284,300,311,205,206,207,211,212,213,102,104,234,108,109,110,115,116,117,118,119,120,243}
	{114,203}
	{121,122,230,231}
	{128,167,168,169,267,309,310,126,127}
	{130,131,132}
	{144,236,237}
	{147,148,149}
	{296,202,154}
	{256,161,162,163,164,165,166,257,258,259,260,255}
	{170,171,172}
	{176,177,175}
	{178,179,306}
	{180,181}
	{182,183}
	{184,185}
	{186,187}
	{192,193,188,189}
	{190,191}
	{196,197}
	{198,199}
	{200,201,301,302}
	{208,209,210}
	{214,215}
	{216,217,218}
	{219,220}
	{297,239,240,241,221,222}
	{244,245,246,279,280,247}
	{288,250,251,287}
	{252,253,254}
	{263,264,303,304,305,275,276,277,278}
	{265,266,308}
	{285,268,269,286}
	{270,271}
	{273,274,292,293}
	{282,283}
	{298,299}
]

Identical type 2:[
	{129,133,134,135,136,137,138,140,141,142,143,272,145,146,150,152,153,281,155,156,157,158,159,160,284,300,311,205,206,207,211,212,213,102,104,234,108,109,110,115,116,117,118,119,120,243}
]

Identical Type 3:[
	{1,2,3,4,5,6}
	{8,9,7}
	{10,11,12}
	{261,262,13,14,15,307,61,62,63}
	{16,17}
	{227,228,229,105,106,107,18,19,20,123,124,125}
	{21,22,23}
	{24,25,26}
	{27,28}
	{32,33,34,29,30,31}
	{35,36,37,111,112,49,50,51,113}
	{40,38,39}
	{224,225,226,41,42,43,44,45,46}
	{103,47,48,54,55,248,249}
	{52,53}
	{56,57,58}
	{232,233,59,60}
	{64,65,66,82,83,84,85,86,87}
	{67,68,69}
	{72,70,71}
	{73,74}
	{75,76}
	{100,101,204,77,78,173,174}
	{80,81,79}
	{88,89}
	{90,91}
	{92,93}
	{96,97,291,242,151,94,95}
	{289,98,99,290,294,295}
	{114,203}
	{121,122,230,231}
	{128,167,168,169,267,309,310,126,127}
	{130,131,132}
	{144,236,237}
	{147,148,149}
	{296,202,154}
	{256,161,162,163,164,165,166,257,258,259,260,255}
	{170,171,172}
	{176,177,175}
	{178,179,306}
	{180,181}
	{182,183}
	{184,185}
	{186,187}
	{192,193,188,189}
	{190,191}
	{196,197}
	{198,199}
	{200,201,301,302}
	{208,209,210}
	{214,215}
	{216,217,218}
	{219,220}
	{297,239,240,241,221,222}
	{244,245,246,279,280,247}
	{288,250,251,287}
	{252,253,254}
	{263,264,303,304,305,275,276,277,278}
	{265,266,308}
	{285,268,269,286}
	{270,271}
	{273,274,292,293}
	{282,283}
	{298,299}
]

Problem:D5-2-17
Identical Type 1:[
	{1,2,3}
	{67,4,5,6,7,8,9,68,69,227,228,229}
	{160,10,11,12,58,59,60,159}
	{171,172,13,14,111,112,15}
	{193,194,16,17,18,145,52,53,54,146}
	{19,20,21}
	{24,22,23}
	{314,187,25,26,27,188}
	{28,29,30}
	{32,33,224,225,226,165,166,31}
	{34,35,36}
	{37,38,39,233,234,235}
	{40,41,42}
	{257,258,259,260,261,262,43,44,45,46,47,48}
	{49,50}
	{344,55,342,343,56,57}
	{70,71,72,76,77,78,121,122,61,62,63}
	{64,65,66,73,74,75,109,110,185,186}
	{80,81,79}
	{197,198,82,83,148,84,147,275,276,277,279}
	{143,144,85,86,87}
	{88,89,90}
	{91,92,93}
	{96,94,95}
	{97,98,99,163,164,151,152}
	{100,101,102}
	{104,105,103}
	{106,107,108,209,210}
	{113,114,302}
	{327,328,329,303,115,116}
	{117,118}
	{120,304,119}
	{123,124}
	{125,126}
	{128,129,130,127}
	{307,131,132}
	{308,133,134}
	{136,309,135}
	{137,138,310}
	{139,140}
	{256,141,142,311,254,255}
	{149,150}
	{312,153,154}
	{313,155,156}
	{182,157,158,181}
	{161,162,315}
	{167,168,299,300,301,316}
	{169,170,317}
	{173,174}
	{176,175}
	{177,178}
	{179,180,318}
	{184,183}
	{189,190,221,222,223}
	{192,321,322,320,191}
	{195,196}
	{288,289,290,291,292,199,200,201,202,203,204,336,337,338,284,285,286,287}
	{293,294,295,205,206,207,208,215,216,219,220}
	{296,297,298,333,334,335,211,212}
	{217,218,213,214}
	{232,230,231}
	{236,237,238}
	{240,241,239}
	{242,243,244}
	{245,246,247}
	{248,250}
	{251,252,253}
	{264,265,263}
	{266,267,268}
	{269,270,271}
	{272,273,274}
	{280,278}
	{281,282,283}
	{305,306}
	{323,319}
	{324,325,326}
	{330,331,332}
	{339,340,341}
]

Identical type 2:[
	{323,319}
]

Identical Type 3:[
	{1,2,3}
	{67,4,5,6,7,8,9,68,69,227,228,229}
	{160,10,11,12,58,59,60,159}
	{171,172,13,14,111,112,15}
	{193,194,16,17,18,145,52,53,54,146}
	{19,20,21}
	{24,22,23}
	{314,187,25,26,27,188}
	{28,29,30}
	{32,33,224,225,226,165,166,31}
	{34,35,36}
	{37,38,39,233,234,235}
	{40,41,42}
	{257,258,259,260,261,262,43,44,45,46,47,48}
	{49,50}
	{344,55,342,343,56,57}
	{70,71,72,76,77,78,121,122,61,62,63}
	{64,65,66,73,74,75,109,110,185,186}
	{80,81,79}
	{197,198,82,83,148,84,147,275,276,277,279}
	{143,144,85,86,87}
	{88,89,90}
	{91,92,93}
	{96,94,95}
	{97,98,99,163,164,151,152}
	{100,101,102}
	{104,105,103}
	{106,107,108,209,210}
	{113,114,302}
	{327,328,329,303,115,116}
	{117,118}
	{120,304,119}
	{123,124}
	{125,126}
	{128,129,130,127}
	{307,131,132}
	{308,133,134}
	{136,309,135}
	{137,138,310}
	{139,140}
	{256,141,142,311,254,255}
	{149,150}
	{312,153,154}
	{313,155,156}
	{182,157,158,181}
	{161,162,315}
	{167,168,299,300,301,316}
	{169,170,317}
	{173,174}
	{176,175}
	{177,178}
	{179,180,318}
	{184,183}
	{189,190,221,222,223}
	{192,321,322,320,191}
	{195,196}
	{288,289,290,291,292,199,200,201,202,203,204,336,337,338,284,285,286,287}
	{293,294,295,205,206,207,208,215,216,219,220}
	{296,297,298,333,334,335,211,212}
	{217,218,213,214}
	{232,230,231}
	{236,237,238}
	{240,241,239}
	{242,243,244}
	{245,246,247}
	{248,250}
	{251,252,253}
	{264,265,263}
	{266,267,268}
	{269,270,271}
	{272,273,274}
	{280,278}
	{281,282,283}
	{305,306}
	{324,325,326}
	{330,331,332}
	{339,340,341}
]

Problem:D5-2-18
Identical Type 1:[
	{1,2,3,10,11,12}
	{4,5,6,174,175,82,83,84,152,153}
	{8,9,7}
	{13,14,15}
	{16,17,18}
	{388,389,390,391,392,393,19,20,21,178,179,309,312,61,62,63,328,118,119,124,125}
	{24,22,23}
	{25,26,27,28,29,30}
	{32,33,31}
	{34,35,36,406,407,408,409,410,411}
	{37,38,39,40,41,42}
	{385,386,387,43,44,45}
	{48,46,47}
	{49,50}
	{52,53,54,88,89,90}
	{130,131,55,56,57}
	{58,59,60}
	{64,65,66,206,207,112,113}
	{68,69,330,186,187}
	{70,71,72,212,213}
	{73,74,75}
	{132,133,76,77,78,315}
	{80,81,79}
	{160,161,162,163,355,356,357,297,298,299,85,220,221}
	{86,87}
	{373,374,375,91,92,93}
	{96,94,95}
	{97,98,99,376,103,104,105,234,235,240,241,244,245,340,341,342,377,378}
	{352,353,354,100,101,102,232,233}
	{228,229,106,107,108,109,110,111}
	{114,115,343,344,345,190,191}
	{120,121,310}
	{327,332,397,398,399,176,177,210,211,400,401,402,311,122,123}
	{313,126,127}
	{128,129,314}
	{316,134,135}
	{136,137,317}
	{138,139}
	{140,141,142,143,318,319}
	{320,324,144,145,154,155}
	{321,146,147}
	{322,148,149}
	{323,267,268,269,150,151}
	{300,301,302,156,157}
	{158,159}
	{164,165}
	{325,166,167}
	{168,169,326}
	{170,171}
	{256,257,172,173,273,274,275,255}
	{329,180,181}
	{276,277,278,182,183,282,283,284}
	{384,184,185,379,380,381,382,383}
	{189,188,349,350,351}
	{192,193,358,359,360,208,209}
	{194,195}
	{331,196,197}
	{198,199}
	{200,201}
	{202,203}
	{204,205}
	{264,265,266,270,271,272,214,215,285}
	{216,217,333}
	{218,219}
	{239,238,222,223}
	{224,225,364,365,334,335,336,366,346,347,348}
	{288,289,226,227,290,291,292,293,418,419,367,368,369}
	{230,231}
	{242,243,236,237}
	{423,246,247,248,249,250,251}
	{252,253,254}
	{258,259,260,261,262,263}
	{280,281,279}
	{286,287}
	{296,294,295}
	{304,305,303}
	{306,307,308}
	{337,339}
	{361,362,363}
	{370,371,372}
	{394,395,396}
	{403,404,405}
	{412,413,414}
	{416,417,415}
	{420,421,422}
	{424,425,426}
]

Identical type 2:[
	{423,246,247,248,249,250,251}
]

Identical Type 3:[
	{1,2,3,10,11,12}
	{4,5,6,174,175,82,83,84,152,153}
	{8,9,7}
	{13,14,15}
	{16,17,18}
	{388,389,390,391,392,393,19,20,21,178,179,309,312,61,62,63,328,118,119,124,125}
	{24,22,23}
	{25,26,27,28,29,30}
	{32,33,31}
	{34,35,36,406,407,408,409,410,411}
	{37,38,39,40,41,42}
	{385,386,387,43,44,45}
	{48,46,47}
	{49,50}
	{52,53,54,88,89,90}
	{130,131,55,56,57}
	{58,59,60}
	{64,65,66,206,207,112,113}
	{68,69,330,186,187}
	{70,71,72,212,213}
	{73,74,75}
	{132,133,76,77,78,315}
	{80,81,79}
	{160,161,162,163,355,356,357,297,298,299,85,220,221}
	{86,87}
	{373,374,375,91,92,93}
	{96,94,95}
	{97,98,99,376,103,104,105,234,235,240,241,244,245,340,341,342,377,378}
	{352,353,354,100,101,102,232,233}
	{228,229,106,107,108,109,110,111}
	{114,115,343,344,345,190,191}
	{120,121,310}
	{327,332,397,398,399,176,177,210,211,400,401,402,311,122,123}
	{313,126,127}
	{128,129,314}
	{316,134,135}
	{136,137,317}
	{138,139}
	{140,141,142,143,318,319}
	{320,324,144,145,154,155}
	{321,146,147}
	{322,148,149}
	{323,267,268,269,150,151}
	{300,301,302,156,157}
	{158,159}
	{164,165}
	{325,166,167}
	{168,169,326}
	{170,171}
	{256,257,172,173,273,274,275,255}
	{329,180,181}
	{276,277,278,182,183,282,283,284}
	{384,184,185,379,380,381,382,383}
	{189,188,349,350,351}
	{192,193,358,359,360,208,209}
	{194,195}
	{331,196,197}
	{198,199}
	{200,201}
	{202,203}
	{204,205}
	{264,265,266,270,271,272,214,215,285}
	{216,217,333}
	{218,219}
	{239,238,222,223}
	{224,225,364,365,334,335,336,366,346,347,348}
	{288,289,226,227,290,291,292,293,418,419,367,368,369}
	{230,231}
	{242,243,236,237}
	{252,253,254}
	{258,259,260,261,262,263}
	{280,281,279}
	{286,287}
	{296,294,295}
	{304,305,303}
	{306,307,308}
	{337,339}
	{361,362,363}
	{370,371,372}
	{394,395,396}
	{403,404,405}
	{412,413,414}
	{416,417,415}
	{420,421,422}
	{424,425,426}
]

Problem:D5-3-18
Identical Type 1:[
	{1,2}
	{41,13,4,5}
	{37,6,95}
	{112,7}
	{9,69,102}
	{10,111}
	{19,99,11}
	{32,113,88,12}
	{80,86,15}
	{96,17}
	{22,23}
	{26,27,28,29}
	{33,132}
	{42,44,74,38}
	{68,40,43,109,47}
	{100,45}
	{128,46}
	{115,89,50,51}
	{52,87}
	{131,116,117,118,59,60,61}
	{64,119,120,124,126}
	{66,122,130}
	{121,67}
	{127,71}
	{73,97}
	{77,78}
	{98,91,110}
	{107,94}
	{123,125}
]

Identical type 2:[
	{1,2}
]

Identical Type 3:[
	{41,13,4,5}
	{37,6,95}
	{112,7}
	{9,69,102}
	{10,111}
	{19,99,11}
	{32,113,88,12}
	{80,86,15}
	{96,17}
	{22,23}
	{26,27,28,29}
	{33,132}
	{42,44,74,38}
	{68,40,43,109,47}
	{100,45}
	{128,46}
	{115,89,50,51}
	{52,87}
	{131,116,117,118,59,60,61}
	{64,119,120,124,126}
	{66,122,130}
	{121,67}
	{127,71}
	{73,97}
	{77,78}
	{98,91,110}
	{107,94}
	{123,125}
]

Problem:D6-1-18
Identical Type 1:[
	{1,2,322,323,454,263,264,73,74,362,363,364,365,455}
	{160,129,130,3,4,509,141,142,117,118,508,189,190,159}
	{448,449,450,451,5,6,7,8,19,20,21,22}
	{326,327,328,9,10,329,468,469,412,413}
	{11,12,13,14}
	{16,17,18,15}
	{24,23}
	{458,441,459,302,303,304,305,400,401,402,403,404,405,440,25,26,27,28}
	{390,391,273,274,275,276,29,30,434,435,195,196,197,198,75,76,97,98,490,491,494,495}
	{32,33,34,31}
	{96,35,36,131,132,95}
	{289,290,37,38,39,40}
	{41,42,43,44}
	{193,194,45,46,47,48}
	{49,50,147,148}
	{51,52}
	{295,296,370,371,53,54}
	{56,55}
	{57,58}
	{59,60}
	{137,138,61,62}
	{64,63}
	{456,65,66,457}
	{67,68,69,70}
	{72,153,154,71}
	{80,77,78,79}
	{288,383,81,82,83,84,249,250,251,252,382,287}
	{320,161,162,163,164,261,262,321,111,112,85,86,316,317}
	{88,89,90,87}
	{91,92}
	{93,94}
	{99,100,101,102,231,232,298,299,300,301,241,242}
	{384,385,386,387,422,103,104,423,430,175,176,177,178,431,221,222}
	{105,106}
	{488,489,107,108,464,465,149,150}
	{169,170,109,110,444,445}
	{192,452,453,113,114,380,381,191}
	{115,116}
	{135,136,392,393,267,268,394,395,414,415,297,201,202,209,210,340,341,366,367,368,369,119,120}
	{121,122}
	{123,124}
	{128,125,126,127}
	{133,134,358,359,360,361,171,139,140,172,173,174,338,339,183,184,185,186}
	{144,143}
	{410,145,146,466,411,467,314,315,318,319}
	{152,151}
	{493,155,156,492}
	{157,158}
	{168,165,166,167}
	{179,180,181,182}
	{501,187,188,500}
	{257,258,259,260,388,389,396,269,270,271,272,397,398,399,406,407,420,421,432,433,306,307,308,309,310,311,312,313,438,439,324,325,199,200,330,331,332,333,334,335,336,337,344,345,346,347,375,239,240,243,244,245,246,372,373,374}
	{416,417,418,419,356,357,408,203,204,428,429,247,248,409,219,220}
	{208,205,206,207}
	{211,212,213,214}
	{280,229,230,281,282,496,497,498,499,215,216,217,218,279}
	{224,225,226,277,278,223}
	{227,228}
	{233,234}
	{235,236,237,238,376,377,378,379}
	{256,253,254,255}
	{265,266}
	{283,284}
	{285,286}
	{291,292,293,294}
	{342,343}
	{348,349,350,351}
	{352,353,354,355}
	{424,425,426,427}
	{436,437}
	{442,443}
	{484,485,446,447}
	{460,461}
	{462,463}
	{471,503,486,487,502,470,504,505,506,507,510,511}
	{472,473}
	{474,475,476,477}
	{478,479}
	{480,481,482,483}
]

Identical type 2:[
	{257,258,259,260,388,389,396,269,270,271,272,397,398,399,406,407,420,421,432,433,306,307,308,309,310,311,312,313,438,439,324,325,199,200,330,331,332,333,334,335,336,337,344,345,346,347,375,239,240,243,244,245,246,372,373,374}
]

Identical Type 3:[
	{1,2,322,323,454,263,264,73,74,362,363,364,365,455}
	{160,129,130,3,4,509,141,142,117,118,508,189,190,159}
	{448,449,450,451,5,6,7,8,19,20,21,22}
	{326,327,328,9,10,329,468,469,412,413}
	{11,12,13,14}
	{16,17,18,15}
	{24,23}
	{458,441,459,302,303,304,305,400,401,402,403,404,405,440,25,26,27,28}
	{390,391,273,274,275,276,29,30,434,435,195,196,197,198,75,76,97,98,490,491,494,495}
	{32,33,34,31}
	{96,35,36,131,132,95}
	{289,290,37,38,39,40}
	{41,42,43,44}
	{193,194,45,46,47,48}
	{49,50,147,148}
	{51,52}
	{295,296,370,371,53,54}
	{56,55}
	{57,58}
	{59,60}
	{137,138,61,62}
	{64,63}
	{456,65,66,457}
	{67,68,69,70}
	{72,153,154,71}
	{80,77,78,79}
	{288,383,81,82,83,84,249,250,251,252,382,287}
	{320,161,162,163,164,261,262,321,111,112,85,86,316,317}
	{88,89,90,87}
	{91,92}
	{93,94}
	{99,100,101,102,231,232,298,299,300,301,241,242}
	{384,385,386,387,422,103,104,423,430,175,176,177,178,431,221,222}
	{105,106}
	{488,489,107,108,464,465,149,150}
	{169,170,109,110,444,445}
	{192,452,453,113,114,380,381,191}
	{115,116}
	{135,136,392,393,267,268,394,395,414,415,297,201,202,209,210,340,341,366,367,368,369,119,120}
	{121,122}
	{123,124}
	{128,125,126,127}
	{133,134,358,359,360,361,171,139,140,172,173,174,338,339,183,184,185,186}
	{144,143}
	{410,145,146,466,411,467,314,315,318,319}
	{152,151}
	{493,155,156,492}
	{157,158}
	{168,165,166,167}
	{179,180,181,182}
	{501,187,188,500}
	{416,417,418,419,356,357,408,203,204,428,429,247,248,409,219,220}
	{208,205,206,207}
	{211,212,213,214}
	{280,229,230,281,282,496,497,498,499,215,216,217,218,279}
	{224,225,226,277,278,223}
	{227,228}
	{233,234}
	{235,236,237,238,376,377,378,379}
	{256,253,254,255}
	{265,266}
	{283,284}
	{285,286}
	{291,292,293,294}
	{342,343}
	{348,349,350,351}
	{352,353,354,355}
	{424,425,426,427}
	{436,437}
	{442,443}
	{484,485,446,447}
	{460,461}
	{462,463}
	{471,503,486,487,502,470,504,505,506,507,510,511}
	{472,473}
	{474,475,476,477}
	{478,479}
	{480,481,482,483}
]

Problem:D6-2-18
Identical Type 1:[
	{448,1,2,97,98,335,336,401,402,51,52,253,254,447}
	{512,161,162,3,4,528,529,534,535,536,537,511}
	{128,5,6,391,392,15,16,165,166,425,426,173,174,175,176,183,184,193,194,347,348,355,356,371,372,127}
	{7,8,9,10,313,314}
	{11,12,13,14,277,278,23,24,25,26,279,280,69,70,71,72,199,200,201,202,213,214,215,216}
	{17,18,147,148,149,150,289,290,431,432,433,177,178,434,185,186,317,318,223,224,493,494,503,504}
	{209,210,19,20,21,22,211,212}
	{27,28}
	{29,30}
	{32,33,34,31}
	{164,35,36,163}
	{325,326,37,38,473,474,407,408,409,410}
	{40,39}
	{41,42,75,43,44,76,77,78,461,462,505,506,507,508}
	{45,46,367,368,369,370,465,466,467,468}
	{235,236,141,142,47,48,49,50,143,144,237,238}
	{129,130,419,420,517,518,53,54,189,190}
	{56,55}
	{416,417,418,359,360,365,366,403,404,405,406,57,58,415}
	{376,133,134,453,454,333,334,151,152,59,60,375}
	{101,102,203,204,339,340,61,62}
	{64,63}
	{65,66}
	{67,68}
	{73,74}
	{265,266,139,140,363,364,79,80}
	{81,82,525}
	{83,84,85,86,443,444,445,446}
	{361,362,87,88,89,90,349,350}
	{91,92}
	{93,94}
	{96,449,450,167,168,393,394,395,396,303,304,337,338,95}
	{99,100}
	{451,452,103,104,169,170,427,428,341,342,281,282}
	{105,106}
	{295,296,297,298,107,108,109,110}
	{263,264,233,234,457,458,459,460,111,112,315,316}
	{135,136,137,138,429,430,113,114,247,248,249,250}
	{115,116}
	{267,268,117,118}
	{120,121,122,119}
	{123,124,125,126}
	{131,132}
	{145,146}
	{377,171,172,378,251,252,153,154,155,156}
	{160,157,158,159}
	{179,180,181,182}
	{288,187,188,285,286,287}
	{192,191}
	{195,196,197,198}
	{208,205,206,207}
	{217,218}
	{301,302,219,220,221,222}
	{225,226,227,228}
	{480,481,482,229,230,463,464,275,276,479}
	{232,538,539,231}
	{240,241,242,239}
	{243,244,245,246}
	{256,255}
	{257,258}
	{259,260}
	{261,262}
	{299,300,269,270}
	{272,273,274,271}
	{385,386,283,284}
	{291,292,293,294}
	{305,306,307,308}
	{309,310}
	{312,311}
	{320,328,327,319}
	{321,322,323,324}
	{329,330,331,332,491,492,381,382}
	{513,514,519,520,521,522,523,524,526,527,530,531,532,533,343,344,487,488,489,490,509,510}
	{345,346}
	{352,351}
	{353,354}
	{357,358}
	{373,374}
	{379,380}
	{384,455,456,383}
	{387,388,501,502}
	{389,390}
	{400,397,398,399}
	{411,412,413,414}
	{515,516,421,422,423,424,499,500,437,438}
	{435,436}
	{440,441,442,439}
	{469,470}
	{472,471}
	{475,476,477,478}
	{483,484,485,486}
	{496,497,498,495}
]

Identical type 2:[
]

Identical Type 3:[
	{448,1,2,97,98,335,336,401,402,51,52,253,254,447}
	{512,161,162,3,4,528,529,534,535,536,537,511}
	{128,5,6,391,392,15,16,165,166,425,426,173,174,175,176,183,184,193,194,347,348,355,356,371,372,127}
	{7,8,9,10,313,314}
	{11,12,13,14,277,278,23,24,25,26,279,280,69,70,71,72,199,200,201,202,213,214,215,216}
	{17,18,147,148,149,150,289,290,431,432,433,177,178,434,185,186,317,318,223,224,493,494,503,504}
	{209,210,19,20,21,22,211,212}
	{27,28}
	{29,30}
	{32,33,34,31}
	{164,35,36,163}
	{325,326,37,38,473,474,407,408,409,410}
	{40,39}
	{41,42,75,43,44,76,77,78,461,462,505,506,507,508}
	{45,46,367,368,369,370,465,466,467,468}
	{235,236,141,142,47,48,49,50,143,144,237,238}
	{129,130,419,420,517,518,53,54,189,190}
	{56,55}
	{416,417,418,359,360,365,366,403,404,405,406,57,58,415}
	{376,133,134,453,454,333,334,151,152,59,60,375}
	{101,102,203,204,339,340,61,62}
	{64,63}
	{65,66}
	{67,68}
	{73,74}
	{265,266,139,140,363,364,79,80}
	{81,82,525}
	{83,84,85,86,443,444,445,446}
	{361,362,87,88,89,90,349,350}
	{91,92}
	{93,94}
	{96,449,450,167,168,393,394,395,396,303,304,337,338,95}
	{99,100}
	{451,452,103,104,169,170,427,428,341,342,281,282}
	{105,106}
	{295,296,297,298,107,108,109,110}
	{263,264,233,234,457,458,459,460,111,112,315,316}
	{135,136,137,138,429,430,113,114,247,248,249,250}
	{115,116}
	{267,268,117,118}
	{120,121,122,119}
	{123,124,125,126}
	{131,132}
	{145,146}
	{377,171,172,378,251,252,153,154,155,156}
	{160,157,158,159}
	{179,180,181,182}
	{288,187,188,285,286,287}
	{192,191}
	{195,196,197,198}
	{208,205,206,207}
	{217,218}
	{301,302,219,220,221,222}
	{225,226,227,228}
	{480,481,482,229,230,463,464,275,276,479}
	{232,538,539,231}
	{240,241,242,239}
	{243,244,245,246}
	{256,255}
	{257,258}
	{259,260}
	{261,262}
	{299,300,269,270}
	{272,273,274,271}
	{385,386,283,284}
	{291,292,293,294}
	{305,306,307,308}
	{309,310}
	{312,311}
	{320,328,327,319}
	{321,322,323,324}
	{329,330,331,332,491,492,381,382}
	{513,514,519,520,521,522,523,524,526,527,530,531,532,533,343,344,487,488,489,490,509,510}
	{345,346}
	{352,351}
	{353,354}
	{357,358}
	{373,374}
	{379,380}
	{384,455,456,383}
	{387,388,501,502}
	{389,390}
	{400,397,398,399}
	{411,412,413,414}
	{515,516,421,422,423,424,499,500,437,438}
	{435,436}
	{440,441,442,439}
	{469,470}
	{472,471}
	{475,476,477,478}
	{483,484,485,486}
	{496,497,498,495}
]

