Dataset
Noise by students 
Noise by component 
Noise by degree
=====================================

car92
[519]   
[253,254,519]                                                                    
[450,518,327,328,233,519,496,253,254,127]

car91
[33,349,440,657]                                                 
[33,654,655,656,657,440,349]                                                     
[33,332,333,654,655,16,656,657,440,441,92,349]

ear83    
[]                                                               
[]                                                                              
[]

hec92
[]                                                               
[]                                                                              
[]

kfu93      
[6,16,22,50,95,122,178,204,205,216,285,329,330,355,369,381,443]  
[6,138,139,16,22,285,50,178,313,314,443,329,330,204,205,216,95,355,369,122,381]  
[6,138,139,16,22,412,285,50,178,310,312,313,314,443,70,329,330,204,205,216,345,95,355,234,236,110,369,122,381]

lse91
[168,256]                                                        
[168,256]                                                                        
[168,256,376]

pur93      
[153,552,976,983,1454,1520]                                      
[552,1454,976,1520,983,2131,340,341,342,343,2133,153]                            
[24,32,552,553,554,555,567,569,570,2127,2128,2129,2130,2131,2132,2133,2135,2137,2138,2139,613,614,616,1665,136,2198,153,164,166,167,1740,1743,1751,733,737,745,2337,802,315,1341,333,340,341,342,343,344,2394,2395,2396,347,346,1909,896,898,1413,1415,1416,1435,924,415,1439,936,425,937,1454,944,945,946,1971,969,970,972,975,976,980,981,982,983,2012,2013,2014,1504,1520]

rye93      
[304]                                                            
[304]                                                                            
[304]

sta83      
[]                                                               
[]                                                                               
[]

tre92      
[186]                                                            
[186]                                                                            
[186,62]

uta92      
[]                                                               
[]                                                                               
[480,564]

ute92      
[]                                                               
[]                                                                               
[]

yor83      
[]                                                               
[]                                                                               
[]
