Dataset
Noise_exams_by_degree
ITC2007_1
44,45,46,82,83,84
ITC2007_2
643,648,10,144,789,280,281,284,668,676,37,38,297,304,305,690,691,180,306,308,688,689,314,315,316,317,318,319,68,202,203,333,209,210,338,595,341,342,344,345,346,857,858,606,864,609,226,227,228,229,610,611,613,617,234,107,618,619,748,750,751,752,762,759,757,502,758,761,378,379,380
ITC2007_3
643,525,142,143,144,399,531,21,22,23,24,669,670,671,798,932,933,934,304,308,309,310,311,312,704,79,593,596,344,345,607,736,737,610,738,239,241,371,887,248,125,126
ITC2007_4

ITC2007_5
636,640,641,516,903,657,146,147,148,149,798,552,554,939,556,558,816,817,819,564,821,831,578,836,452,198,453,200,454,202,584,582,587,346,347,348,860,350,352,480,482,866,869,873,491,508,496,634,503,632,506,252
ITC2007_6
1,2,194,230,239,209,242,89,123,124,190
ITC2007_7
1024,1,1029,1030,1031,1032,21,1045,28,29,43,44,1075,1077,62,576,578,581,586,587,588,589,79,80,81,594,591,593,85,598,600,607,98,99,103,620,621,622,623,624,132,140,654,146,149,150,192,211,213,214,216,217,219,222,738,234,236,237,242,244,249,250,251,252,259,260,261,262,263,266,267,292,294,295,296,297,298,299,300,837,348,351,353,366,414,948,437,951,979
ITC2007_8
10,401,25,285,31,32,33,40,41,42,44,50,322,199,345,476,477,498,499,500,245,501
ITC2007_9
89,1,3,160
ITC2007_10
67,36,37,68,69,8,9,10,11,44,72,70,71,16,17,18,19
ITC2007_11
643,525,142,143,144,399,531,21,22,23,24,669,670,671,798,932,933,934,304,308,309,310,311,312,704,79,593,596,344,345,607,736,737,610,738,239,241,371,887,248,125,126
ITC2007_12
4,45,14,7
